# JRE version: OpenJDK Runtime Environment Temurin-21.0.7+6 (21.0.7+6) (build 21.0.7+6-LTS)
# Java VM: OpenJDK 64-Bit Server VM Temurin-21.0.7+6 (21.0.7+6-LTS, mixed mode, emulated-client, sharing, tiered, compressed oops, compressed class ptrs, g1 gc, windows-amd64)
GC Precious Log:
 CardTable entry size: 512
 Card Set container configuration: InlinePtr #cards 5 size 8 Array Of Cards #cards 12 size 40 Howl #buckets 4 coarsen threshold 1843 Howl Bitmap #cards 512 size 80 coarsen threshold 460 Card regions per heap region 1 cards per card region 2048
 CPUs: 4 total, 4 available
 Memory: 7975M
 Large Page Support: Disabled
 NUMA Support: Disabled
 Compressed Oops: Enabled (32-bit)
 Heap Region Size: 1M
 Heap Min Capacity: 8M
 Heap Initial Capacity: 126M
 Heap Max Capacity: 1G
 Pre-touch: Disabled
 Parallel Workers: 4
 Concurrent Workers: 1
 Concurrent Refinement Workers: 4
 Periodic GC: Disabled
Heap:
 garbage-first heap   total 88064K, used 34380K [0x00000000c0000000, 0x0000000100000000)
  region size 1024K, 1 young (1024K), 0 survivors (0K)
 Metaspace       used 55511K, committed 56384K, reserved 1114112K
  class space    used 6813K, committed 7232K, reserved 1048576K
GC Heap History (20 events):
Event: 1718.940 GC heap after
{Heap after GC invocations=160 (full 145):
 garbage-first heap   total 88064K, used 34380K [0x00000000c0000000, 0x0000000100000000)
  region size 1024K, 0 young (0K), 0 survivors (0K)
 Metaspace       used 55511K, committed 56384K, reserved 1114112K
  class space    used 6813K, committed 7232K, reserved 1048576K
}
Event: 1729.151 GC heap before
{Heap before GC invocations=160 (full 145):
 garbage-first heap   total 88064K, used 34380K [0x00000000c0000000, 0x0000000100000000)
  region size 1024K, 1 young (1024K), 0 survivors (0K)
 Metaspace       used 55511K, committed 56384K, reserved 1114112K
  class space    used 6813K, committed 7232K, reserved 1048576K
}
Event: 1729.248 GC heap after
{Heap after GC invocations=161 (full 146):
 garbage-first heap   total 88064K, used 34380K [0x00000000c0000000, 0x0000000100000000)
  region size 1024K, 0 young (0K), 0 survivors (0K)
 Metaspace       used 55511K, committed 56384K, reserved 1114112K
  class space    used 6813K, committed 7232K, reserved 1048576K
}
Event: 1739.425 GC heap before
{Heap before GC invocations=161 (full 146):
 garbage-first heap   total 88064K, used 34380K [0x00000000c0000000, 0x0000000100000000)
  region size 1024K, 1 young (1024K), 0 survivors (0K)
 Metaspace       used 55511K, committed 56384K, reserved 1114112K
  class space    used 6813K, committed 7232K, reserved 1048576K
}
Event: 1739.510 GC heap after
{Heap after GC invocations=162 (full 147):
 garbage-first heap   total 88064K, used 34380K [0x00000000c0000000, 0x0000000100000000)
  region size 1024K, 0 young (0K), 0 survivors (0K)
 Metaspace       used 55511K, committed 56384K, reserved 1114112K
  class space    used 6813K, committed 7232K, reserved 1048576K
}
Event: 1749.686 GC heap before
{Heap before GC invocations=162 (full 147):
 garbage-first heap   total 88064K, used 34380K [0x00000000c0000000, 0x0000000100000000)
  region size 1024K, 1 young (1024K), 0 survivors (0K)
 Metaspace       used 55511K, committed 56384K, reserved 1114112K
  class space    used 6813K, committed 7232K, reserved 1048576K
}
Event: 1749.777 GC heap after
{Heap after GC invocations=163 (full 148):
 garbage-first heap   total 88064K, used 34380K [0x00000000c0000000, 0x0000000100000000)
  region size 1024K, 0 young (0K), 0 survivors (0K)
 Metaspace       used 55511K, committed 56384K, reserved 1114112K
  class space    used 6813K, committed 7232K, reserved 1048576K
}
Event: 1760.114 GC heap before
{Heap before GC invocations=163 (full 148):
 garbage-first heap   total 88064K, used 34380K [0x00000000c0000000, 0x0000000100000000)
  region size 1024K, 1 young (1024K), 0 survivors (0K)
 Metaspace       used 55511K, committed 56384K, reserved 1114112K
  class space    used 6813K, committed 7232K, reserved 1048576K
}
Event: 1760.169 GC heap after
{Heap after GC invocations=164 (full 149):
 garbage-first heap   total 88064K, used 34380K [0x00000000c0000000, 0x0000000100000000)
  region size 1024K, 0 young (0K), 0 survivors (0K)
 Metaspace       used 55511K, committed 56384K, reserved 1114112K
  class space    used 6813K, committed 7232K, reserved 1048576K
}
Event: 1770.380 GC heap before
{Heap before GC invocations=164 (full 149):
 garbage-first heap   total 88064K, used 34380K [0x00000000c0000000, 0x0000000100000000)
  region size 1024K, 1 young (1024K), 0 survivors (0K)
 Metaspace       used 55511K, committed 56384K, reserved 1114112K
  class space    used 6813K, committed 7232K, reserved 1048576K
}
Event: 1770.465 GC heap after
{Heap after GC invocations=165 (full 150):
 garbage-first heap   total 88064K, used 34380K [0x00000000c0000000, 0x0000000100000000)
  region size 1024K, 0 young (0K), 0 survivors (0K)
 Metaspace       used 55511K, committed 56384K, reserved 1114112K
  class space    used 6813K, committed 7232K, reserved 1048576K
}
Event: 1782.437 GC heap before
{Heap before GC invocations=165 (full 150):
 garbage-first heap   total 88064K, used 34380K [0x00000000c0000000, 0x0000000100000000)
  region size 1024K, 1 young (1024K), 0 survivors (0K)
 Metaspace       used 55511K, committed 56384K, reserved 1114112K
  class space    used 6813K, committed 7232K, reserved 1048576K
}
Event: 1782.505 GC heap after
{Heap after GC invocations=166 (full 151):
 garbage-first heap   total 88064K, used 34380K [0x00000000c0000000, 0x0000000100000000)
  region size 1024K, 0 young (0K), 0 survivors (0K)
 Metaspace       used 55511K, committed 56384K, reserved 1114112K
  class space    used 6813K, committed 7232K, reserved 1048576K
}
Event: 1795.476 GC heap before
{Heap before GC invocations=166 (full 151):
 garbage-first heap   total 88064K, used 34380K [0x00000000c0000000, 0x0000000100000000)
  region size 1024K, 1 young (1024K), 0 survivors (0K)
 Metaspace       used 55511K, committed 56384K, reserved 1114112K
  class space    used 6813K, committed 7232K, reserved 1048576K
}
Event: 1795.538 GC heap after
{Heap after GC invocations=167 (full 152):
 garbage-first heap   total 88064K, used 34380K [0x00000000c0000000, 0x0000000100000000)
  region size 1024K, 0 young (0K), 0 survivors (0K)
 Metaspace       used 55511K, committed 56384K, reserved 1114112K
  class space    used 6813K, committed 7232K, reserved 1048576K
}
Event: 1805.903 GC heap before
{Heap before GC invocations=167 (full 152):
 garbage-first heap   total 88064K, used 34380K [0x00000000c0000000, 0x0000000100000000)
  region size 1024K, 1 young (1024K), 0 survivors (0K)
 Metaspace       used 55511K, committed 56384K, reserved 1114112K
  class space    used 6813K, committed 7232K, reserved 1048576K
}
Event: 1805.976 GC heap after
{Heap after GC invocations=168 (full 153):
 garbage-first heap   total 88064K, used 34380K [0x00000000c0000000, 0x0000000100000000)
  region size 1024K, 0 young (0K), 0 survivors (0K)
 Metaspace       used 55511K, committed 56384K, reserved 1114112K
  class space    used 6813K, committed 7232K, reserved 1048576K
}
Event: 1816.477 GC heap before
{Heap before GC invocations=168 (full 153):
 garbage-first heap   total 88064K, used 34380K [0x00000000c0000000, 0x0000000100000000)
  region size 1024K, 1 young (1024K), 0 survivors (0K)
 Metaspace       used 55511K, committed 56384K, reserved 1114112K
  class space    used 6813K, committed 7232K, reserved 1048576K
}
Event: 1816.559 GC heap after
{Heap after GC invocations=169 (full 154):
 garbage-first heap   total 88064K, used 34380K [0x00000000c0000000, 0x0000000100000000)
  region size 1024K, 0 young (0K), 0 survivors (0K)
 Metaspace       used 55511K, committed 56384K, reserved 1114112K
  class space    used 6813K, committed 7232K, reserved 1048576K
}
Event: 1826.884 GC heap before
{Heap before GC invocations=169 (full 154):
 garbage-first heap   total 88064K, used 34380K [0x00000000c0000000, 0x0000000100000000)
  region size 1024K, 1 young (1024K), 0 survivors (0K)
 Metaspace       used 55511K, committed 56384K, reserved 1114112K
  class space    used 6813K, committed 7232K, reserved 1048576K
}

