# JRE version: OpenJDK Runtime Environment Temurin-21.0.7+6 (21.0.7+6) (build 21.0.7+6-LTS)
# Java VM: OpenJDK 64-Bit Server VM Temurin-21.0.7+6 (21.0.7+6-LTS, mixed mode, emulated-client, sharing, tiered, compressed oops, compressed class ptrs, g1 gc, windows-amd64)
GC Precious Log:
 CardTable entry size: 512
 Card Set container configuration: InlinePtr #cards 5 size 8 Array Of Cards #cards 12 size 40 Howl #buckets 4 coarsen threshold 1843 Howl Bitmap #cards 512 size 80 coarsen threshold 460 Card regions per heap region 1 cards per card region 2048
 CPUs: 4 total, 4 available
 Memory: 7975M
 Large Page Support: Disabled
 NUMA Support: Disabled
 Compressed Oops: Enabled (32-bit)
 Heap Region Size: 1M
 Heap Min Capacity: 8M
 Heap Initial Capacity: 126M
 Heap Max Capacity: 1G
 Pre-touch: Disabled
 Parallel Workers: 4
 Concurrent Workers: 1
 Concurrent Refinement Workers: 4
 Periodic GC: Disabled
Heap:
 garbage-first heap   total 80896K, used 36737K [0x00000000c0000000, 0x0000000100000000)
  region size 1024K, 1 young (1024K), 0 survivors (0K)
 Metaspace       used 57432K, committed 58176K, reserved 1114112K
  class space    used 7150K, committed 7488K, reserved 1048576K
GC Heap History (20 events):
Event: 2607.867 GC heap after
{Heap after GC invocations=239 (full 195):
 garbage-first heap   total 80896K, used 36746K [0x00000000c0000000, 0x0000000100000000)
  region size 1024K, 0 young (0K), 0 survivors (0K)
 Metaspace       used 57432K, committed 58176K, reserved 1114112K
  class space    used 7150K, committed 7488K, reserved 1048576K
}
Event: 2618.092 GC heap before
{Heap before GC invocations=239 (full 195):
 garbage-first heap   total 80896K, used 36746K [0x00000000c0000000, 0x0000000100000000)
  region size 1024K, 1 young (1024K), 0 survivors (0K)
 Metaspace       used 57432K, committed 58176K, reserved 1114112K
  class space    used 7150K, committed 7488K, reserved 1048576K
}
Event: 2618.183 GC heap after
{Heap after GC invocations=240 (full 196):
 garbage-first heap   total 80896K, used 36746K [0x00000000c0000000, 0x0000000100000000)
  region size 1024K, 0 young (0K), 0 survivors (0K)
 Metaspace       used 57432K, committed 58176K, reserved 1114112K
  class space    used 7150K, committed 7488K, reserved 1048576K
}
Event: 2628.428 GC heap before
{Heap before GC invocations=240 (full 196):
 garbage-first heap   total 80896K, used 36746K [0x00000000c0000000, 0x0000000100000000)
  region size 1024K, 1 young (1024K), 0 survivors (0K)
 Metaspace       used 57432K, committed 58176K, reserved 1114112K
  class space    used 7150K, committed 7488K, reserved 1048576K
}
Event: 2628.528 GC heap after
{Heap after GC invocations=241 (full 197):
 garbage-first heap   total 80896K, used 36746K [0x00000000c0000000, 0x0000000100000000)
  region size 1024K, 0 young (0K), 0 survivors (0K)
 Metaspace       used 57432K, committed 58176K, reserved 1114112K
  class space    used 7150K, committed 7488K, reserved 1048576K
}
Event: 2638.747 GC heap before
{Heap before GC invocations=241 (full 197):
 garbage-first heap   total 80896K, used 36746K [0x00000000c0000000, 0x0000000100000000)
  region size 1024K, 1 young (1024K), 0 survivors (0K)
 Metaspace       used 57432K, committed 58176K, reserved 1114112K
  class space    used 7150K, committed 7488K, reserved 1048576K
}
Event: 2638.845 GC heap after
{Heap after GC invocations=242 (full 198):
 garbage-first heap   total 80896K, used 36746K [0x00000000c0000000, 0x0000000100000000)
  region size 1024K, 0 young (0K), 0 survivors (0K)
 Metaspace       used 57432K, committed 58176K, reserved 1114112K
  class space    used 7150K, committed 7488K, reserved 1048576K
}
Event: 2649.066 GC heap before
{Heap before GC invocations=242 (full 198):
 garbage-first heap   total 80896K, used 36746K [0x00000000c0000000, 0x0000000100000000)
  region size 1024K, 1 young (1024K), 0 survivors (0K)
 Metaspace       used 57432K, committed 58176K, reserved 1114112K
  class space    used 7150K, committed 7488K, reserved 1048576K
}
Event: 2649.166 GC heap after
{Heap after GC invocations=243 (full 199):
 garbage-first heap   total 80896K, used 36738K [0x00000000c0000000, 0x0000000100000000)
  region size 1024K, 0 young (0K), 0 survivors (0K)
 Metaspace       used 57432K, committed 58176K, reserved 1114112K
  class space    used 7150K, committed 7488K, reserved 1048576K
}
Event: 2659.392 GC heap before
{Heap before GC invocations=243 (full 199):
 garbage-first heap   total 80896K, used 36738K [0x00000000c0000000, 0x0000000100000000)
  region size 1024K, 1 young (1024K), 0 survivors (0K)
 Metaspace       used 57432K, committed 58176K, reserved 1114112K
  class space    used 7150K, committed 7488K, reserved 1048576K
}
Event: 2659.496 GC heap after
{Heap after GC invocations=244 (full 200):
 garbage-first heap   total 80896K, used 36737K [0x00000000c0000000, 0x0000000100000000)
  region size 1024K, 0 young (0K), 0 survivors (0K)
 Metaspace       used 57432K, committed 58176K, reserved 1114112K
  class space    used 7150K, committed 7488K, reserved 1048576K
}
Event: 2669.749 GC heap before
{Heap before GC invocations=244 (full 200):
 garbage-first heap   total 80896K, used 36737K [0x00000000c0000000, 0x0000000100000000)
  region size 1024K, 1 young (1024K), 0 survivors (0K)
 Metaspace       used 57432K, committed 58176K, reserved 1114112K
  class space    used 7150K, committed 7488K, reserved 1048576K
}
Event: 2669.859 GC heap after
{Heap after GC invocations=245 (full 201):
 garbage-first heap   total 80896K, used 36737K [0x00000000c0000000, 0x0000000100000000)
  region size 1024K, 0 young (0K), 0 survivors (0K)
 Metaspace       used 57432K, committed 58176K, reserved 1114112K
  class space    used 7150K, committed 7488K, reserved 1048576K
}
Event: 2680.081 GC heap before
{Heap before GC invocations=245 (full 201):
 garbage-first heap   total 80896K, used 36737K [0x00000000c0000000, 0x0000000100000000)
  region size 1024K, 1 young (1024K), 0 survivors (0K)
 Metaspace       used 57432K, committed 58176K, reserved 1114112K
  class space    used 7150K, committed 7488K, reserved 1048576K
}
Event: 2680.181 GC heap after
{Heap after GC invocations=246 (full 202):
 garbage-first heap   total 80896K, used 36737K [0x00000000c0000000, 0x0000000100000000)
  region size 1024K, 0 young (0K), 0 survivors (0K)
 Metaspace       used 57432K, committed 58176K, reserved 1114112K
  class space    used 7150K, committed 7488K, reserved 1048576K
}
Event: 2690.440 GC heap before
{Heap before GC invocations=246 (full 202):
 garbage-first heap   total 80896K, used 36737K [0x00000000c0000000, 0x0000000100000000)
  region size 1024K, 1 young (1024K), 0 survivors (0K)
 Metaspace       used 57432K, committed 58176K, reserved 1114112K
  class space    used 7150K, committed 7488K, reserved 1048576K
}
Event: 2690.534 GC heap after
{Heap after GC invocations=247 (full 203):
 garbage-first heap   total 80896K, used 36737K [0x00000000c0000000, 0x0000000100000000)
  region size 1024K, 0 young (0K), 0 survivors (0K)
 Metaspace       used 57432K, committed 58176K, reserved 1114112K
  class space    used 7150K, committed 7488K, reserved 1048576K
}
Event: 2700.767 GC heap before
{Heap before GC invocations=247 (full 203):
 garbage-first heap   total 80896K, used 36737K [0x00000000c0000000, 0x0000000100000000)
  region size 1024K, 1 young (1024K), 0 survivors (0K)
 Metaspace       used 57432K, committed 58176K, reserved 1114112K
  class space    used 7150K, committed 7488K, reserved 1048576K
}
Event: 2700.864 GC heap after
{Heap after GC invocations=248 (full 204):
 garbage-first heap   total 80896K, used 36737K [0x00000000c0000000, 0x0000000100000000)
  region size 1024K, 0 young (0K), 0 survivors (0K)
 Metaspace       used 57432K, committed 58176K, reserved 1114112K
  class space    used 7150K, committed 7488K, reserved 1048576K
}
Event: 2710.985 GC heap before
{Heap before GC invocations=248 (full 204):
 garbage-first heap   total 80896K, used 36737K [0x00000000c0000000, 0x0000000100000000)
  region size 1024K, 1 young (1024K), 0 survivors (0K)
 Metaspace       used 57432K, committed 58176K, reserved 1114112K
  class space    used 7150K, committed 7488K, reserved 1048576K
}

